2021-02-19 02:05:49,877 DEBUG scheduler Queued events for site tenant6.test
2021-02-19 02:06:50,089 DEBUG scheduler Queued events for site tenant6.test
2021-02-19 02:07:50,319 DEBUG scheduler Queued events for site tenant6.test
2021-02-19 02:08:50,587 INFO scheduler Scheduled Job Start: frappe.monitor.flush for tenant6.test
2021-02-19 02:08:50,601 DEBUG scheduler Queued events for site tenant6.test
2021-02-19 02:08:50,659 INFO scheduler Scheduled Job Complete: frappe.monitor.flush for tenant6.test
2021-02-19 02:08:50,702 INFO scheduler Scheduled Job Start: frappe.utils.global_search.sync_global_search for tenant6.test
2021-02-19 02:08:50,747 INFO scheduler Scheduled Job Complete: frappe.utils.global_search.sync_global_search for tenant6.test
2021-02-19 02:08:50,780 INFO scheduler Scheduled Job Start: frappe.integrations.doctype.razorpay_settings.razorpay_settings.capture_payment for tenant6.test
2021-02-19 02:08:50,924 INFO scheduler Scheduled Job Complete: frappe.integrations.doctype.razorpay_settings.razorpay_settings.capture_payment for tenant6.test
2021-02-19 02:08:50,960 INFO scheduler Scheduled Job Start: frappe.email.doctype.email_account.email_account.notify_unreplied for tenant6.test
2021-02-19 02:08:51,083 INFO scheduler Scheduled Job Complete: frappe.email.doctype.email_account.email_account.notify_unreplied for tenant6.test
2021-02-19 02:08:51,120 INFO scheduler Scheduled Job Start: frappe.email.doctype.email_account.email_account.pull for tenant6.test
2021-02-19 02:08:51,226 INFO scheduler Scheduled Job Complete: frappe.email.doctype.email_account.email_account.pull for tenant6.test
2021-02-19 02:08:51,260 INFO scheduler Scheduled Job Start: frappe.email.queue.flush for tenant6.test
2021-02-19 02:08:51,388 INFO scheduler Scheduled Job Complete: frappe.email.queue.flush for tenant6.test
2021-02-19 02:09:51,019 DEBUG scheduler Queued events for site tenant6.test
2021-02-19 02:10:51,242 DEBUG scheduler Queued events for site tenant6.test
2021-02-19 02:11:51,531 DEBUG scheduler Queued events for site tenant6.test
2021-02-19 02:12:52,028 DEBUG scheduler Queued events for site tenant6.test
2021-02-19 02:12:52,021 INFO scheduler Scheduled Job Start: frappe.monitor.flush for tenant6.test
2021-02-19 02:12:52,205 INFO scheduler Scheduled Job Complete: frappe.monitor.flush for tenant6.test
2021-02-19 02:12:52,289 INFO scheduler Scheduled Job Start: frappe.utils.global_search.sync_global_search for tenant6.test
2021-02-19 02:12:52,418 INFO scheduler Scheduled Job Complete: frappe.utils.global_search.sync_global_search for tenant6.test
2021-02-19 02:12:52,477 INFO scheduler Scheduled Job Start: frappe.integrations.doctype.razorpay_settings.razorpay_settings.capture_payment for tenant6.test
2021-02-19 02:12:52,808 INFO scheduler Scheduled Job Complete: frappe.integrations.doctype.razorpay_settings.razorpay_settings.capture_payment for tenant6.test
2021-02-19 02:12:52,915 INFO scheduler Scheduled Job Start: frappe.email.doctype.email_account.email_account.notify_unreplied for tenant6.test
2021-02-19 02:12:53,183 INFO scheduler Scheduled Job Complete: frappe.email.doctype.email_account.email_account.notify_unreplied for tenant6.test
2021-02-19 02:12:53,249 INFO scheduler Scheduled Job Start: frappe.email.doctype.email_account.email_account.pull for tenant6.test
2021-02-19 02:12:53,477 INFO scheduler Scheduled Job Complete: frappe.email.doctype.email_account.email_account.pull for tenant6.test
2021-02-19 02:12:53,545 INFO scheduler Scheduled Job Start: frappe.email.queue.flush for tenant6.test
2021-02-19 02:12:53,681 INFO scheduler Scheduled Job Complete: frappe.email.queue.flush for tenant6.test
2021-02-19 02:13:52,247 DEBUG scheduler Queued events for site tenant6.test
2021-02-19 02:14:52,493 DEBUG scheduler Queued events for site tenant6.test
2021-02-19 02:15:52,750 DEBUG scheduler Queued events for site tenant6.test
2021-02-19 02:15:52,762 INFO scheduler Scheduled Job Start: frappe.twofactor.delete_all_barcodes_for_users for tenant6.test
2021-02-19 02:15:52,943 INFO scheduler Scheduled Job Complete: frappe.twofactor.delete_all_barcodes_for_users for tenant6.test
2021-02-19 02:15:52,977 INFO scheduler Scheduled Job Start: frappe.website.doctype.web_page.web_page.check_publish_status for tenant6.test
2021-02-19 02:15:53,242 INFO scheduler Scheduled Job Complete: frappe.website.doctype.web_page.web_page.check_publish_status for tenant6.test
2021-02-19 02:15:53,278 INFO scheduler Scheduled Job Start: frappe.oauth.delete_oauth2_data for tenant6.test
2021-02-19 02:15:53,458 INFO scheduler Scheduled Job Complete: frappe.oauth.delete_oauth2_data for tenant6.test
2021-02-19 02:16:52,998 INFO scheduler Scheduled Job Start: frappe.monitor.flush for tenant6.test
2021-02-19 02:16:53,012 DEBUG scheduler Queued events for site tenant6.test
2021-02-19 02:16:53,058 INFO scheduler Scheduled Job Complete: frappe.monitor.flush for tenant6.test
2021-02-19 02:16:53,089 INFO scheduler Scheduled Job Start: frappe.utils.global_search.sync_global_search for tenant6.test
2021-02-19 02:16:53,131 INFO scheduler Scheduled Job Complete: frappe.utils.global_search.sync_global_search for tenant6.test
2021-02-19 02:16:53,161 INFO scheduler Scheduled Job Start: frappe.integrations.doctype.razorpay_settings.razorpay_settings.capture_payment for tenant6.test
2021-02-19 02:16:53,276 INFO scheduler Scheduled Job Complete: frappe.integrations.doctype.razorpay_settings.razorpay_settings.capture_payment for tenant6.test
2021-02-19 02:16:53,302 INFO scheduler Scheduled Job Start: frappe.email.doctype.email_account.email_account.notify_unreplied for tenant6.test
2021-02-19 02:16:53,396 INFO scheduler Scheduled Job Complete: frappe.email.doctype.email_account.email_account.notify_unreplied for tenant6.test
2021-02-19 02:16:53,427 INFO scheduler Scheduled Job Start: frappe.email.doctype.email_account.email_account.pull for tenant6.test
2021-02-19 02:16:53,520 INFO scheduler Scheduled Job Complete: frappe.email.doctype.email_account.email_account.pull for tenant6.test
2021-02-19 02:16:53,548 INFO scheduler Scheduled Job Start: frappe.email.queue.flush for tenant6.test
2021-02-19 02:16:53,607 INFO scheduler Scheduled Job Complete: frappe.email.queue.flush for tenant6.test
2021-02-19 02:17:53,235 DEBUG scheduler Queued events for site tenant6.test
2021-02-19 02:18:53,533 DEBUG scheduler Queued events for site tenant6.test
2021-02-19 02:19:53,730 DEBUG scheduler Queued events for site tenant6.test
2021-02-19 02:20:54,005 INFO scheduler Scheduled Job Start: frappe.monitor.flush for tenant6.test
2021-02-19 02:20:54,015 DEBUG scheduler Queued events for site tenant6.test
2021-02-19 02:20:54,058 INFO scheduler Scheduled Job Complete: frappe.monitor.flush for tenant6.test
2021-02-19 02:20:54,090 INFO scheduler Scheduled Job Start: frappe.utils.global_search.sync_global_search for tenant6.test
2021-02-19 02:20:54,133 INFO scheduler Scheduled Job Complete: frappe.utils.global_search.sync_global_search for tenant6.test
2021-02-19 02:20:54,169 INFO scheduler Scheduled Job Start: frappe.integrations.doctype.razorpay_settings.razorpay_settings.capture_payment for tenant6.test
2021-02-19 02:20:54,291 INFO scheduler Scheduled Job Complete: frappe.integrations.doctype.razorpay_settings.razorpay_settings.capture_payment for tenant6.test
2021-02-19 02:20:54,325 INFO scheduler Scheduled Job Start: frappe.email.doctype.email_account.email_account.notify_unreplied for tenant6.test
2021-02-19 02:20:54,428 INFO scheduler Scheduled Job Complete: frappe.email.doctype.email_account.email_account.notify_unreplied for tenant6.test
2021-02-19 02:20:54,461 INFO scheduler Scheduled Job Start: frappe.email.doctype.email_account.email_account.pull for tenant6.test
2021-02-19 02:20:54,563 INFO scheduler Scheduled Job Complete: frappe.email.doctype.email_account.email_account.pull for tenant6.test
2021-02-19 02:20:54,598 INFO scheduler Scheduled Job Start: frappe.email.queue.flush for tenant6.test
2021-02-19 02:20:54,727 INFO scheduler Scheduled Job Complete: frappe.email.queue.flush for tenant6.test
2021-02-19 02:21:54,237 DEBUG scheduler Queued events for site tenant6.test
2021-02-19 02:22:54,454 DEBUG scheduler Queued events for site tenant6.test
2021-02-19 02:23:54,668 DEBUG scheduler Queued events for site tenant6.test
2021-02-19 02:24:54,929 INFO scheduler Scheduled Job Start: frappe.monitor.flush for tenant6.test
2021-02-19 02:24:54,944 DEBUG scheduler Queued events for site tenant6.test
2021-02-19 02:24:54,996 INFO scheduler Scheduled Job Complete: frappe.monitor.flush for tenant6.test
2021-02-19 02:24:55,033 INFO scheduler Scheduled Job Start: frappe.utils.global_search.sync_global_search for tenant6.test
2021-02-19 02:24:55,080 INFO scheduler Scheduled Job Complete: frappe.utils.global_search.sync_global_search for tenant6.test
2021-02-19 02:24:55,114 INFO scheduler Scheduled Job Start: frappe.integrations.doctype.razorpay_settings.razorpay_settings.capture_payment for tenant6.test
2021-02-19 02:24:55,235 INFO scheduler Scheduled Job Complete: frappe.integrations.doctype.razorpay_settings.razorpay_settings.capture_payment for tenant6.test
2021-02-19 02:24:55,268 INFO scheduler Scheduled Job Start: frappe.email.doctype.email_account.email_account.notify_unreplied for tenant6.test
2021-02-19 02:24:55,362 INFO scheduler Scheduled Job Complete: frappe.email.doctype.email_account.email_account.notify_unreplied for tenant6.test
2021-02-19 02:24:55,393 INFO scheduler Scheduled Job Start: frappe.email.doctype.email_account.email_account.pull for tenant6.test
2021-02-19 02:24:55,478 INFO scheduler Scheduled Job Complete: frappe.email.doctype.email_account.email_account.pull for tenant6.test
2021-02-19 02:24:55,511 INFO scheduler Scheduled Job Start: frappe.email.queue.flush for tenant6.test
2021-02-19 02:24:55,595 INFO scheduler Scheduled Job Complete: frappe.email.queue.flush for tenant6.test
2021-02-19 02:25:55,199 DEBUG scheduler Queued events for site tenant6.test
2021-02-19 02:26:55,417 DEBUG scheduler Queued events for site tenant6.test
2021-02-19 02:27:55,643 DEBUG scheduler Queued events for site tenant6.test
2021-02-19 02:28:55,873 INFO scheduler Scheduled Job Start: frappe.monitor.flush for tenant6.test
2021-02-19 02:28:55,884 DEBUG scheduler Queued events for site tenant6.test
2021-02-19 02:28:55,937 INFO scheduler Scheduled Job Complete: frappe.monitor.flush for tenant6.test
2021-02-19 02:28:55,968 INFO scheduler Scheduled Job Start: frappe.utils.global_search.sync_global_search for tenant6.test
2021-02-19 02:28:56,011 INFO scheduler Scheduled Job Complete: frappe.utils.global_search.sync_global_search for tenant6.test
2021-02-19 02:28:56,038 INFO scheduler Scheduled Job Start: frappe.integrations.doctype.razorpay_settings.razorpay_settings.capture_payment for tenant6.test
2021-02-19 02:28:56,156 INFO scheduler Scheduled Job Complete: frappe.integrations.doctype.razorpay_settings.razorpay_settings.capture_payment for tenant6.test
2021-02-19 02:28:56,186 INFO scheduler Scheduled Job Start: frappe.email.doctype.email_account.email_account.notify_unreplied for tenant6.test
2021-02-19 02:28:56,274 INFO scheduler Scheduled Job Complete: frappe.email.doctype.email_account.email_account.notify_unreplied for tenant6.test
2021-02-19 02:28:56,307 INFO scheduler Scheduled Job Start: frappe.email.doctype.email_account.email_account.pull for tenant6.test
2021-02-19 02:28:56,409 INFO scheduler Scheduled Job Complete: frappe.email.doctype.email_account.email_account.pull for tenant6.test
2021-02-19 02:28:56,441 INFO scheduler Scheduled Job Start: frappe.email.queue.flush for tenant6.test
2021-02-19 02:28:56,516 INFO scheduler Scheduled Job Complete: frappe.email.queue.flush for tenant6.test
2021-02-19 02:29:56,126 DEBUG scheduler Queued events for site tenant6.test
2021-02-19 02:30:56,441 DEBUG scheduler Queued events for site tenant6.test
2021-02-19 02:30:56,461 INFO scheduler Scheduled Job Start: frappe.twofactor.delete_all_barcodes_for_users for tenant6.test
2021-02-19 02:30:56,615 INFO scheduler Scheduled Job Complete: frappe.twofactor.delete_all_barcodes_for_users for tenant6.test
2021-02-19 02:30:56,671 INFO scheduler Scheduled Job Start: frappe.website.doctype.web_page.web_page.check_publish_status for tenant6.test
2021-02-19 02:30:56,847 INFO scheduler Scheduled Job Complete: frappe.website.doctype.web_page.web_page.check_publish_status for tenant6.test
2021-02-19 02:30:56,887 INFO scheduler Scheduled Job Start: frappe.oauth.delete_oauth2_data for tenant6.test
2021-02-19 02:30:57,051 INFO scheduler Scheduled Job Complete: frappe.oauth.delete_oauth2_data for tenant6.test
2021-02-19 02:31:56,685 DEBUG scheduler Queued events for site tenant6.test
2021-02-19 02:32:56,947 INFO scheduler Scheduled Job Start: frappe.monitor.flush for tenant6.test
2021-02-19 02:32:56,963 DEBUG scheduler Queued events for site tenant6.test
2021-02-19 02:32:57,014 INFO scheduler Scheduled Job Complete: frappe.monitor.flush for tenant6.test
2021-02-19 02:32:57,048 INFO scheduler Scheduled Job Start: frappe.utils.global_search.sync_global_search for tenant6.test
2021-02-19 02:32:57,094 INFO scheduler Scheduled Job Complete: frappe.utils.global_search.sync_global_search for tenant6.test
2021-02-19 02:32:57,127 INFO scheduler Scheduled Job Start: frappe.integrations.doctype.razorpay_settings.razorpay_settings.capture_payment for tenant6.test
2021-02-19 02:32:57,252 INFO scheduler Scheduled Job Complete: frappe.integrations.doctype.razorpay_settings.razorpay_settings.capture_payment for tenant6.test
2021-02-19 02:32:57,283 INFO scheduler Scheduled Job Start: frappe.email.doctype.email_account.email_account.notify_unreplied for tenant6.test
2021-02-19 02:32:57,393 INFO scheduler Scheduled Job Complete: frappe.email.doctype.email_account.email_account.notify_unreplied for tenant6.test
2021-02-19 02:32:57,433 INFO scheduler Scheduled Job Start: frappe.email.doctype.email_account.email_account.pull for tenant6.test
2021-02-19 02:32:57,546 INFO scheduler Scheduled Job Complete: frappe.email.doctype.email_account.email_account.pull for tenant6.test
2021-02-19 02:32:57,590 INFO scheduler Scheduled Job Start: frappe.email.queue.flush for tenant6.test
2021-02-19 02:32:57,723 INFO scheduler Scheduled Job Complete: frappe.email.queue.flush for tenant6.test
2021-02-19 02:33:57,193 DEBUG scheduler Queued events for site tenant6.test
2021-02-19 02:34:57,492 DEBUG scheduler Queued events for site tenant6.test
2021-02-19 02:35:57,719 DEBUG scheduler Queued events for site tenant6.test
2021-02-19 02:36:58,035 INFO scheduler Scheduled Job Start: frappe.monitor.flush for tenant6.test
2021-02-19 02:36:58,054 DEBUG scheduler Queued events for site tenant6.test
2021-02-19 02:36:58,117 INFO scheduler Scheduled Job Complete: frappe.monitor.flush for tenant6.test
2021-02-19 02:36:58,159 INFO scheduler Scheduled Job Start: frappe.utils.global_search.sync_global_search for tenant6.test
2021-02-19 02:36:58,224 INFO scheduler Scheduled Job Complete: frappe.utils.global_search.sync_global_search for tenant6.test
2021-02-19 02:36:58,268 INFO scheduler Scheduled Job Start: frappe.integrations.doctype.razorpay_settings.razorpay_settings.capture_payment for tenant6.test
2021-02-19 02:36:58,444 INFO scheduler Scheduled Job Complete: frappe.integrations.doctype.razorpay_settings.razorpay_settings.capture_payment for tenant6.test
2021-02-19 02:36:58,481 INFO scheduler Scheduled Job Start: frappe.email.doctype.email_account.email_account.notify_unreplied for tenant6.test
2021-02-19 02:36:58,578 INFO scheduler Scheduled Job Complete: frappe.email.doctype.email_account.email_account.notify_unreplied for tenant6.test
2021-02-19 02:36:58,612 INFO scheduler Scheduled Job Start: frappe.email.doctype.email_account.email_account.pull for tenant6.test
2021-02-19 02:36:58,743 INFO scheduler Scheduled Job Complete: frappe.email.doctype.email_account.email_account.pull for tenant6.test
2021-02-19 02:36:58,815 INFO scheduler Scheduled Job Start: frappe.email.queue.flush for tenant6.test
2021-02-19 02:36:58,960 INFO scheduler Scheduled Job Complete: frappe.email.queue.flush for tenant6.test
2021-02-19 02:37:58,302 DEBUG scheduler Queued events for site tenant6.test
2021-02-19 02:38:58,535 DEBUG scheduler Queued events for site tenant6.test
2021-02-19 02:39:58,746 DEBUG scheduler Queued events for site tenant6.test
2021-02-19 02:40:59,016 DEBUG scheduler Queued events for site tenant6.test
2021-02-19 02:40:59,024 INFO scheduler Scheduled Job Start: frappe.monitor.flush for tenant6.test
2021-02-19 02:40:59,074 INFO scheduler Scheduled Job Complete: frappe.monitor.flush for tenant6.test
2021-02-19 02:40:59,108 INFO scheduler Scheduled Job Start: frappe.utils.global_search.sync_global_search for tenant6.test
2021-02-19 02:40:59,161 INFO scheduler Scheduled Job Complete: frappe.utils.global_search.sync_global_search for tenant6.test
2021-02-19 02:40:59,200 INFO scheduler Scheduled Job Start: frappe.integrations.doctype.razorpay_settings.razorpay_settings.capture_payment for tenant6.test
2021-02-19 02:40:59,336 INFO scheduler Scheduled Job Complete: frappe.integrations.doctype.razorpay_settings.razorpay_settings.capture_payment for tenant6.test
2021-02-19 02:40:59,375 INFO scheduler Scheduled Job Start: frappe.email.doctype.email_account.email_account.notify_unreplied for tenant6.test
2021-02-19 02:40:59,502 INFO scheduler Scheduled Job Complete: frappe.email.doctype.email_account.email_account.notify_unreplied for tenant6.test
2021-02-19 02:40:59,538 INFO scheduler Scheduled Job Start: frappe.email.doctype.email_account.email_account.pull for tenant6.test
2021-02-19 02:40:59,659 INFO scheduler Scheduled Job Complete: frappe.email.doctype.email_account.email_account.pull for tenant6.test
2021-02-19 02:40:59,709 INFO scheduler Scheduled Job Start: frappe.email.queue.flush for tenant6.test
2021-02-19 02:40:59,853 INFO scheduler Scheduled Job Complete: frappe.email.queue.flush for tenant6.test
2021-02-19 02:41:59,216 DEBUG scheduler Queued events for site tenant6.test
2021-02-19 02:42:59,436 DEBUG scheduler Queued events for site tenant6.test
2021-02-19 02:43:59,667 DEBUG scheduler Queued events for site tenant6.test
2021-02-19 02:44:59,917 INFO scheduler Scheduled Job Start: frappe.monitor.flush for tenant6.test
2021-02-19 02:44:59,928 DEBUG scheduler Queued events for site tenant6.test
2021-02-19 02:44:59,978 INFO scheduler Scheduled Job Complete: frappe.monitor.flush for tenant6.test
2021-02-19 02:45:00,011 INFO scheduler Scheduled Job Start: frappe.utils.global_search.sync_global_search for tenant6.test
2021-02-19 02:45:00,053 INFO scheduler Scheduled Job Complete: frappe.utils.global_search.sync_global_search for tenant6.test
2021-02-19 02:45:00,086 INFO scheduler Scheduled Job Start: frappe.integrations.doctype.razorpay_settings.razorpay_settings.capture_payment for tenant6.test
2021-02-19 02:45:00,196 INFO scheduler Scheduled Job Complete: frappe.integrations.doctype.razorpay_settings.razorpay_settings.capture_payment for tenant6.test
2021-02-19 02:45:00,226 INFO scheduler Scheduled Job Start: frappe.email.doctype.email_account.email_account.notify_unreplied for tenant6.test
2021-02-19 02:45:00,321 INFO scheduler Scheduled Job Complete: frappe.email.doctype.email_account.email_account.notify_unreplied for tenant6.test
2021-02-19 02:45:00,354 INFO scheduler Scheduled Job Start: frappe.email.doctype.email_account.email_account.pull for tenant6.test
2021-02-19 02:45:00,445 INFO scheduler Scheduled Job Complete: frappe.email.doctype.email_account.email_account.pull for tenant6.test
2021-02-19 02:45:00,478 INFO scheduler Scheduled Job Start: frappe.email.queue.flush for tenant6.test
2021-02-19 02:45:00,532 INFO scheduler Scheduled Job Complete: frappe.email.queue.flush for tenant6.test
2021-02-19 02:46:00,156 DEBUG scheduler Queued events for site tenant6.test
2021-02-19 02:46:00,169 INFO scheduler Scheduled Job Start: frappe.twofactor.delete_all_barcodes_for_users for tenant6.test
2021-02-19 02:46:00,302 INFO scheduler Scheduled Job Complete: frappe.twofactor.delete_all_barcodes_for_users for tenant6.test
2021-02-19 02:46:00,338 INFO scheduler Scheduled Job Start: frappe.website.doctype.web_page.web_page.check_publish_status for tenant6.test
2021-02-19 02:46:00,476 INFO scheduler Scheduled Job Complete: frappe.website.doctype.web_page.web_page.check_publish_status for tenant6.test
2021-02-19 02:46:00,513 INFO scheduler Scheduled Job Start: frappe.oauth.delete_oauth2_data for tenant6.test
2021-02-19 02:46:00,666 INFO scheduler Scheduled Job Complete: frappe.oauth.delete_oauth2_data for tenant6.test
2021-02-19 02:47:00,331 DEBUG scheduler Queued events for site tenant6.test
2021-02-19 02:48:00,577 INFO scheduler Scheduled Job Start: frappe.monitor.flush for tenant6.test
2021-02-19 02:48:00,588 DEBUG scheduler Queued events for site tenant6.test
2021-02-19 02:48:00,638 INFO scheduler Scheduled Job Complete: frappe.monitor.flush for tenant6.test
2021-02-19 02:48:00,671 INFO scheduler Scheduled Job Start: frappe.utils.global_search.sync_global_search for tenant6.test
2021-02-19 02:48:00,711 INFO scheduler Scheduled Job Complete: frappe.utils.global_search.sync_global_search for tenant6.test
2021-02-19 02:48:00,746 INFO scheduler Scheduled Job Start: frappe.integrations.doctype.razorpay_settings.razorpay_settings.capture_payment for tenant6.test
2021-02-19 02:48:00,863 INFO scheduler Scheduled Job Complete: frappe.integrations.doctype.razorpay_settings.razorpay_settings.capture_payment for tenant6.test
2021-02-19 02:48:00,892 INFO scheduler Scheduled Job Start: frappe.email.doctype.email_account.email_account.notify_unreplied for tenant6.test
2021-02-19 02:48:00,976 INFO scheduler Scheduled Job Complete: frappe.email.doctype.email_account.email_account.notify_unreplied for tenant6.test
2021-02-19 02:48:01,010 INFO scheduler Scheduled Job Start: frappe.email.doctype.email_account.email_account.pull for tenant6.test
2021-02-19 02:48:01,129 INFO scheduler Scheduled Job Complete: frappe.email.doctype.email_account.email_account.pull for tenant6.test
2021-02-19 02:48:01,162 INFO scheduler Scheduled Job Start: frappe.email.queue.flush for tenant6.test
2021-02-19 02:48:01,226 INFO scheduler Scheduled Job Complete: frappe.email.queue.flush for tenant6.test
2021-02-19 02:49:00,816 DEBUG scheduler Queued events for site tenant6.test
2021-02-19 02:50:01,018 DEBUG scheduler Queued events for site tenant6.test
2021-02-19 02:51:01,229 DEBUG scheduler Queued events for site tenant6.test
2021-02-19 02:52:01,530 INFO scheduler Scheduled Job Start: frappe.monitor.flush for tenant6.test
2021-02-19 02:52:01,544 DEBUG scheduler Queued events for site tenant6.test
2021-02-19 02:52:01,595 INFO scheduler Scheduled Job Complete: frappe.monitor.flush for tenant6.test
2021-02-19 02:52:01,632 INFO scheduler Scheduled Job Start: frappe.utils.global_search.sync_global_search for tenant6.test
2021-02-19 02:52:01,688 INFO scheduler Scheduled Job Complete: frappe.utils.global_search.sync_global_search for tenant6.test
2021-02-19 02:52:01,723 INFO scheduler Scheduled Job Start: frappe.integrations.doctype.razorpay_settings.razorpay_settings.capture_payment for tenant6.test
2021-02-19 02:52:01,873 INFO scheduler Scheduled Job Complete: frappe.integrations.doctype.razorpay_settings.razorpay_settings.capture_payment for tenant6.test
2021-02-19 02:52:01,912 INFO scheduler Scheduled Job Start: frappe.email.doctype.email_account.email_account.notify_unreplied for tenant6.test
2021-02-19 02:52:02,003 INFO scheduler Scheduled Job Complete: frappe.email.doctype.email_account.email_account.notify_unreplied for tenant6.test
2021-02-19 02:52:02,039 INFO scheduler Scheduled Job Start: frappe.email.doctype.email_account.email_account.pull for tenant6.test
2021-02-19 02:52:02,142 INFO scheduler Scheduled Job Complete: frappe.email.doctype.email_account.email_account.pull for tenant6.test
2021-02-19 02:52:02,178 INFO scheduler Scheduled Job Start: frappe.email.queue.flush for tenant6.test
2021-02-19 02:52:02,296 INFO scheduler Scheduled Job Complete: frappe.email.queue.flush for tenant6.test
2021-02-19 02:53:01,747 DEBUG scheduler Queued events for site tenant6.test
2021-02-19 02:54:01,972 DEBUG scheduler Queued events for site tenant6.test
2021-02-19 02:55:02,178 DEBUG scheduler Queued events for site tenant6.test
2021-02-19 02:56:02,454 INFO scheduler Scheduled Job Start: frappe.monitor.flush for tenant6.test
2021-02-19 02:56:02,464 DEBUG scheduler Queued events for site tenant6.test
2021-02-19 02:56:02,518 INFO scheduler Scheduled Job Complete: frappe.monitor.flush for tenant6.test
2021-02-19 02:56:02,560 INFO scheduler Scheduled Job Start: frappe.utils.global_search.sync_global_search for tenant6.test
2021-02-19 02:56:02,607 INFO scheduler Scheduled Job Complete: frappe.utils.global_search.sync_global_search for tenant6.test
2021-02-19 02:56:02,644 INFO scheduler Scheduled Job Start: frappe.integrations.doctype.razorpay_settings.razorpay_settings.capture_payment for tenant6.test
2021-02-19 02:56:02,778 INFO scheduler Scheduled Job Complete: frappe.integrations.doctype.razorpay_settings.razorpay_settings.capture_payment for tenant6.test
2021-02-19 02:56:02,812 INFO scheduler Scheduled Job Start: frappe.email.doctype.email_account.email_account.notify_unreplied for tenant6.test
2021-02-19 02:56:02,919 INFO scheduler Scheduled Job Complete: frappe.email.doctype.email_account.email_account.notify_unreplied for tenant6.test
2021-02-19 02:56:02,956 INFO scheduler Scheduled Job Start: frappe.email.doctype.email_account.email_account.pull for tenant6.test
2021-02-19 02:56:03,048 INFO scheduler Scheduled Job Complete: frappe.email.doctype.email_account.email_account.pull for tenant6.test
2021-02-19 02:56:03,091 INFO scheduler Scheduled Job Start: frappe.email.queue.flush for tenant6.test
2021-02-19 02:56:03,224 INFO scheduler Scheduled Job Complete: frappe.email.queue.flush for tenant6.test
2021-02-19 02:57:02,689 DEBUG scheduler Queued events for site tenant6.test
2021-02-19 02:58:02,911 DEBUG scheduler Queued events for site tenant6.test
2021-02-19 02:59:03,218 DEBUG scheduler Queued events for site tenant6.test
2021-02-19 03:00:03,527 INFO scheduler Scheduled Job Start: frappe.utils.password.delete_password_reset_cache for tenant6.test
2021-02-19 03:00:03,707 DEBUG scheduler Queued events for site tenant6.test
2021-02-19 03:00:03,777 INFO scheduler Scheduled Job Complete: frappe.utils.password.delete_password_reset_cache for tenant6.test
2021-02-19 03:00:03,821 INFO scheduler Scheduled Job Start: frappe.email.doctype.newsletter.newsletter.send_scheduled_email for tenant6.test
2021-02-19 03:00:04,060 INFO scheduler Scheduled Job Complete: frappe.email.doctype.newsletter.newsletter.send_scheduled_email for tenant6.test
2021-02-19 03:00:04,116 INFO scheduler Scheduled Job Start: frappe.integrations.doctype.google_calendar.google_calendar.sync for tenant6.test
2021-02-19 03:00:04,438 INFO scheduler Scheduled Job Complete: frappe.integrations.doctype.google_calendar.google_calendar.sync for tenant6.test
2021-02-19 03:00:04,519 INFO scheduler Scheduled Job Start: frappe.desk.form.document_follow.send_hourly_updates for tenant6.test
2021-02-19 03:00:04,725 INFO scheduler Scheduled Job Complete: frappe.desk.form.document_follow.send_hourly_updates for tenant6.test
2021-02-19 03:00:04,780 INFO scheduler Scheduled Job Start: frappe.deferred_insert.save_to_db for tenant6.test
2021-02-19 03:00:04,998 INFO scheduler Scheduled Job Complete: frappe.deferred_insert.save_to_db for tenant6.test
2021-02-19 03:00:05,045 INFO scheduler Scheduled Job Start: frappe.desk.page.backups.backups.delete_downloadable_backups for tenant6.test
2021-02-19 03:00:05,203 INFO scheduler Scheduled Job Complete: frappe.desk.page.backups.backups.delete_downloadable_backups for tenant6.test
2021-02-19 03:00:05,252 INFO scheduler Scheduled Job Start: frappe.utils.error.collect_error_snapshots for tenant6.test
2021-02-19 03:00:05,398 INFO scheduler Scheduled Job Complete: frappe.utils.error.collect_error_snapshots for tenant6.test
2021-02-19 03:00:05,441 INFO scheduler Scheduled Job Start: frappe.model.utils.user_settings.sync_user_settings for tenant6.test
2021-02-19 03:00:05,565 INFO scheduler Scheduled Job Complete: frappe.model.utils.user_settings.sync_user_settings for tenant6.test
2021-02-19 03:00:05,607 INFO scheduler Scheduled Job Start: frappe.model.utils.link_count.update_link_count for tenant6.test
2021-02-19 03:00:05,740 INFO scheduler Scheduled Job Complete: frappe.model.utils.link_count.update_link_count for tenant6.test
2021-02-19 03:00:05,820 INFO scheduler Scheduled Job Start: frappe.monitor.flush for tenant6.test
2021-02-19 03:00:05,933 INFO scheduler Scheduled Job Complete: frappe.monitor.flush for tenant6.test
2021-02-19 03:00:06,009 INFO scheduler Scheduled Job Start: frappe.utils.global_search.sync_global_search for tenant6.test
2021-02-19 03:00:06,107 INFO scheduler Scheduled Job Complete: frappe.utils.global_search.sync_global_search for tenant6.test
2021-02-19 03:00:06,143 INFO scheduler Scheduled Job Start: frappe.integrations.doctype.razorpay_settings.razorpay_settings.capture_payment for tenant6.test
2021-02-19 03:00:06,283 INFO scheduler Scheduled Job Complete: frappe.integrations.doctype.razorpay_settings.razorpay_settings.capture_payment for tenant6.test
2021-02-19 03:00:06,317 INFO scheduler Scheduled Job Start: frappe.email.doctype.email_account.email_account.notify_unreplied for tenant6.test
2021-02-19 03:00:06,416 INFO scheduler Scheduled Job Complete: frappe.email.doctype.email_account.email_account.notify_unreplied for tenant6.test
2021-02-19 03:00:06,453 INFO scheduler Scheduled Job Start: frappe.email.doctype.email_account.email_account.pull for tenant6.test
2021-02-19 03:00:06,552 INFO scheduler Scheduled Job Complete: frappe.email.doctype.email_account.email_account.pull for tenant6.test
2021-02-19 03:00:06,587 INFO scheduler Scheduled Job Start: frappe.email.queue.flush for tenant6.test
2021-02-19 03:00:06,697 INFO scheduler Scheduled Job Complete: frappe.email.queue.flush for tenant6.test
2021-02-19 03:00:06,730 INFO scheduler Scheduled Job Start: frappe.twofactor.delete_all_barcodes_for_users for tenant6.test
2021-02-19 03:00:06,884 INFO scheduler Scheduled Job Complete: frappe.twofactor.delete_all_barcodes_for_users for tenant6.test
2021-02-19 03:00:06,925 INFO scheduler Scheduled Job Start: frappe.website.doctype.web_page.web_page.check_publish_status for tenant6.test
2021-02-19 03:00:07,081 INFO scheduler Scheduled Job Complete: frappe.website.doctype.web_page.web_page.check_publish_status for tenant6.test
2021-02-19 03:00:07,124 INFO scheduler Scheduled Job Start: frappe.oauth.delete_oauth2_data for tenant6.test
2021-02-19 03:00:07,313 INFO scheduler Scheduled Job Complete: frappe.oauth.delete_oauth2_data for tenant6.test
2021-02-19 03:01:03,924 DEBUG scheduler Queued events for site tenant6.test
2021-02-19 03:02:04,164 DEBUG scheduler Queued events for site tenant6.test
2021-02-19 03:03:04,401 DEBUG scheduler Queued events for site tenant6.test
2021-02-19 03:04:04,638 DEBUG scheduler Queued events for site tenant6.test
2021-02-19 03:04:04,649 INFO scheduler Scheduled Job Start: frappe.monitor.flush for tenant6.test
2021-02-19 03:04:04,690 INFO scheduler Scheduled Job Complete: frappe.monitor.flush for tenant6.test
2021-02-19 03:04:04,719 INFO scheduler Scheduled Job Start: frappe.utils.global_search.sync_global_search for tenant6.test
2021-02-19 03:04:04,758 INFO scheduler Scheduled Job Complete: frappe.utils.global_search.sync_global_search for tenant6.test
2021-02-19 03:04:04,787 INFO scheduler Scheduled Job Start: frappe.integrations.doctype.razorpay_settings.razorpay_settings.capture_payment for tenant6.test
2021-02-19 03:04:04,905 INFO scheduler Scheduled Job Complete: frappe.integrations.doctype.razorpay_settings.razorpay_settings.capture_payment for tenant6.test
2021-02-19 03:04:04,934 INFO scheduler Scheduled Job Start: frappe.email.doctype.email_account.email_account.notify_unreplied for tenant6.test
2021-02-19 03:04:05,025 INFO scheduler Scheduled Job Complete: frappe.email.doctype.email_account.email_account.notify_unreplied for tenant6.test
2021-02-19 03:04:05,060 INFO scheduler Scheduled Job Start: frappe.email.doctype.email_account.email_account.pull for tenant6.test
2021-02-19 03:04:05,159 INFO scheduler Scheduled Job Complete: frappe.email.doctype.email_account.email_account.pull for tenant6.test
2021-02-19 03:04:05,189 INFO scheduler Scheduled Job Start: frappe.email.queue.flush for tenant6.test
2021-02-19 03:04:05,255 INFO scheduler Scheduled Job Complete: frappe.email.queue.flush for tenant6.test
2021-02-19 03:05:04,837 DEBUG scheduler Queued events for site tenant6.test
2021-02-19 03:06:05,085 DEBUG scheduler Queued events for site tenant6.test
2021-02-19 03:07:05,424 DEBUG scheduler Queued events for site tenant6.test
2021-02-19 03:08:05,716 DEBUG scheduler Queued events for site tenant6.test
2021-02-19 03:08:05,724 INFO scheduler Scheduled Job Start: frappe.monitor.flush for tenant6.test
2021-02-19 03:08:05,770 INFO scheduler Scheduled Job Complete: frappe.monitor.flush for tenant6.test
2021-02-19 03:08:05,804 INFO scheduler Scheduled Job Start: frappe.utils.global_search.sync_global_search for tenant6.test
2021-02-19 03:08:05,850 INFO scheduler Scheduled Job Complete: frappe.utils.global_search.sync_global_search for tenant6.test
2021-02-19 03:08:05,886 INFO scheduler Scheduled Job Start: frappe.integrations.doctype.razorpay_settings.razorpay_settings.capture_payment for tenant6.test
2021-02-19 03:08:06,062 INFO scheduler Scheduled Job Complete: frappe.integrations.doctype.razorpay_settings.razorpay_settings.capture_payment for tenant6.test
2021-02-19 03:08:06,098 INFO scheduler Scheduled Job Start: frappe.email.doctype.email_account.email_account.notify_unreplied for tenant6.test
2021-02-19 03:08:06,177 INFO scheduler Scheduled Job Complete: frappe.email.doctype.email_account.email_account.notify_unreplied for tenant6.test
2021-02-19 03:08:06,209 INFO scheduler Scheduled Job Start: frappe.email.doctype.email_account.email_account.pull for tenant6.test
2021-02-19 03:08:06,324 INFO scheduler Scheduled Job Complete: frappe.email.doctype.email_account.email_account.pull for tenant6.test
2021-02-19 03:08:06,358 INFO scheduler Scheduled Job Start: frappe.email.queue.flush for tenant6.test
2021-02-19 03:08:06,464 INFO scheduler Scheduled Job Complete: frappe.email.queue.flush for tenant6.test
